{"sessionId":"50a0f1","runId":"post-fix","message":"display_cols unique","data":{"columns":['seller_type', 'PHin', 'ZRTO %', 'Breach %', 'FAC %', 'Conv %'],"unique":True}}
{"sessionId":"50a0f1","runId":"post-fix","message":"display_cols unique","data":{"columns":['seller_type', 'PHin', 'ZRTO %', 'Breach %', 'FAC %', 'Conv %'],"unique":True}}
{"sessionId":"50a0f1","runId":"post-fix","message":"display_cols unique","data":{"columns":['seller_type', 'PHin', 'ZRTO %', 'Breach %', 'FAC %', 'Conv %'],"unique":True}}
{"sessionId":"50a0f1","runId":"post-fix","message":"display_cols unique","data":{"columns":['seller_type', 'PHin', 'Breach %', 'FAC %', 'ZRTO %', 'Conv %'],"unique":True}}
{"sessionId":"50a0f1","runId":"post-fix","message":"display_cols unique","data":{"columns":['seller_type', 'PHin', 'ZRTO %', 'Breach %', 'FAC %', 'Conv %'],"unique":True}}
{"sessionId":"50a0f1","runId":"post-fix","message":"display_cols unique","data":{"columns":['seller_type', 'PHin', 'ZRTO %', 'Breach %', 'FAC %', 'Conv %'],"unique":True}}
{"sessionId":"50a0f1","hypothesisId":"H1","message":"growth metric col","data":{"m":'Breach %',"col":'Breach %',"col_in_df":True}}
{"sessionId":"50a0f1","hypothesisId":"H1","message":"growth metric col","data":{"m":'ZRTO %',"col":'ZRTO %',"col_in_df":True}}
{"sessionId":"50a0f1","hypothesisId":"H1","message":"growth metric col","data":{"m":'FAC %',"col":'FAC %',"col_in_df":True}}
{"sessionId":"50a0f1","hypothesisId":"H1","message":"growth metric col","data":{"m":'Conv %',"col":'Conv %',"col_in_df":True}}
{"sessionId":"50a0f1","hypothesisId":"H1","message":"growth metric col","data":{"m":'Volume',"col":'PHin',"col_in_df":True}}
{"sessionId":"50a0f1","hypothesisId":"H1","message":"growth metric col","data":{"m":'Delivered',"col":'conv_num',"col_in_df":True}}
{"sessionId": "50a0f1", "hypothesisId": "H1", "location": "render_sticky_table", "message": "entry", "data": {"type": "Styler", "hide_idx": true, "is_count_table": false}, "timestamp": 1773735959247.5903}
{"sessionId": "50a0f1", "hypothesisId": "H2", "location": "render_sticky_table", "message": "html_check", "data": {"has_sticky_class": true, "html_len": 65903, "table_tag_start": "<style type=\"text/css\">\n#T_e359d_row0_col1, #T_e359d_row1_col1, #T_e359d_row2_col1, #T_e359d_row3_col1, #T_e359d_row4_col1, #T_e359d_row5_col1, #T_e359d_row6_col1, #T_e359d_row7_col1, #T_e359d_row8_col1, #T_e359d_row9_col1, #T_e359d_row10_col1, #T_e359d_row11_col1, #T_e359d_row12_col1, #T_e359d_row13_col1, #T_e359d_row"}, "timestamp": 1773735959276.7007}
{"sessionId": "50a0f1", "hypothesisId": "H3", "location": "render_sticky_table", "message": "markdown_out", "data": {"has_wrapper": true, "md_len": 65966}, "timestamp": 1773735959277.7278}
{"sessionId": "50a0f1", "hypothesisId": "H1", "location": "render_sticky_table", "message": "entry", "data": {"type": "Styler", "hide_idx": true, "is_count_table": false}, "timestamp": 1773735959348.6626}
{"sessionId": "50a0f1", "hypothesisId": "H2", "location": "render_sticky_table", "message": "html_check", "data": {"has_sticky_class": true, "html_len": 2454698, "table_tag_start": "<style type=\"text/css\">\n#T_f88e0_row0_col2, #T_f88e0_row1_col2, #T_f88e0_row3_col2, #T_f88e0_row4_col2, #T_f88e0_row5_col2, #T_f88e0_row7_col2, #T_f88e0_row8_col2, #T_f88e0_row9_col2, #T_f88e0_row11_col2, #T_f88e0_row12_col2, #T_f88e0_row13_col2, #T_f88e0_row14_col2, #T_f88e0_row15_col2, #T_f88e0_row17_col2, #T_f88e0_r"}, "timestamp": 1773735960255.9153}
{"sessionId": "50a0f1", "hypothesisId": "H3", "location": "render_sticky_table", "message": "markdown_out", "data": {"has_wrapper": true, "md_len": 2454761}, "timestamp": 1773735960258.8704}
{"sessionId": "50a0f1", "hypothesisId": "H1", "location": "render_sticky_table", "message": "entry", "data": {"type": "DataFrame", "hide_idx": false, "is_count_table": true}, "timestamp": 1773735961890.3103}
{"sessionId": "50a0f1", "hypothesisId": "H2", "location": "render_sticky_table", "message": "html_check", "data": {"has_sticky_class": true, "html_len": 5530, "table_tag_start": "<table class=\"sticky-table\" border=\"1\" class=\"dataframe\">\n  <thead>\n    <tr style=\"text-align: right;\">\n      <th></th>\n      <th>02/08</th>\n      <th>02/07</th>\n      <th>02/06</th>\n      <th>02/05</th>\n      <th>02/04</th>\n      <th>02/03</th>\n      <th>02/02</th>\n      <th>02/01</th>\n      <th>01/31</th>\n      <th>0"}, "timestamp": 1773735961902.9744}
{"sessionId": "50a0f1", "hypothesisId": "H3", "location": "render_sticky_table", "message": "markdown_out", "data": {"has_wrapper": true, "md_len": 5593}, "timestamp": 1773735961904.0403}
{"sessionId": "50a0f1", "hypothesisId": "H1", "location": "render_sticky_table", "message": "entry", "data": {"type": "Styler", "hide_idx": true, "is_count_table": false}, "timestamp": 1773735961925.59}
{"sessionId": "50a0f1", "hypothesisId": "H2", "location": "render_sticky_table", "message": "html_check", "data": {"has_sticky_class": true, "html_len": 11078, "table_tag_start": "<style type=\"text/css\">\n#T_a01fb_row0_col1, #T_a01fb_row1_col1, #T_a01fb_row2_col1, #T_a01fb_row3_col1, #T_a01fb_row6_col1, #T_a01fb_row7_col1, #T_a01fb_row8_col1, #T_a01fb_row8_col2, #T_a01fb_row10_col1, #T_a01fb_row10_col2, #T_a01fb_row14_col1, #T_a01fb_row15_col1, #T_a01fb_row17_col1, #T_a01fb_row17_col2, #T_a01fb_r"}, "timestamp": 1773735961936.341}
{"sessionId": "50a0f1", "hypothesisId": "H3", "location": "render_sticky_table", "message": "markdown_out", "data": {"has_wrapper": true, "md_len": 11141}, "timestamp": 1773735961937.5862}
{"sessionId": "50a0f1", "hypothesisId": "H1", "location": "render_sticky_table", "message": "entry", "data": {"type": "Styler", "hide_idx": false, "is_count_table": false}, "timestamp": 1773735961967.3577}
{"sessionId": "50a0f1", "hypothesisId": "H2", "location": "render_sticky_table", "message": "html_check", "data": {"has_sticky_class": true, "html_len": 291301, "table_tag_start": "<style type=\"text/css\">\n#T_a4b5f_row0_col0, #T_a4b5f_row0_col11, #T_a4b5f_row0_col12, #T_a4b5f_row0_col19, #T_a4b5f_row0_col28, #T_a4b5f_row0_col29, #T_a4b5f_row1_col0, #T_a4b5f_row1_col1, #T_a4b5f_row1_col7, #T_a4b5f_row1_col9, #T_a4b5f_row1_col10, #T_a4b5f_row1_col13, #T_a4b5f_row1_col14, #T_a4b5f_row1_col15, #T_a4b5"}, "timestamp": 1773735962126.4307}
{"sessionId": "50a0f1", "hypothesisId": "H3", "location": "render_sticky_table", "message": "markdown_out", "data": {"has_wrapper": true, "md_len": 291364}, "timestamp": 1773735962127.6438}
{"sessionId": "50a0f1", "hypothesisId": "H1", "location": "render_sticky_table", "message": "entry", "data": {"type": "Styler", "hide_idx": true, "is_count_table": false}, "timestamp": 1773735998328.732}
{"sessionId": "50a0f1", "hypothesisId": "H2", "location": "render_sticky_table", "message": "html_check", "data": {"has_sticky_class": true, "html_len": 65903, "table_tag_start": "<style type=\"text/css\">\n#T_b33b1_row0_col1, #T_b33b1_row1_col1, #T_b33b1_row2_col1, #T_b33b1_row3_col1, #T_b33b1_row4_col1, #T_b33b1_row5_col1, #T_b33b1_row6_col1, #T_b33b1_row7_col1, #T_b33b1_row8_col1, #T_b33b1_row9_col1, #T_b33b1_row10_col1, #T_b33b1_row11_col1, #T_b33b1_row12_col1, #T_b33b1_row13_col1, #T_b33b1_row"}, "timestamp": 1773735998360.618}
{"sessionId": "50a0f1", "hypothesisId": "H3", "location": "render_sticky_table", "message": "markdown_out", "data": {"has_wrapper": true, "md_len": 65966}, "timestamp": 1773735998361.7375}
{"sessionId": "50a0f1", "hypothesisId": "H1", "location": "render_sticky_table", "message": "entry", "data": {"type": "Styler", "hide_idx": true, "is_count_table": false}, "timestamp": 1773735998475.8228}
{"sessionId": "50a0f1", "hypothesisId": "H2", "location": "render_sticky_table", "message": "html_check", "data": {"has_sticky_class": true, "html_len": 2454698, "table_tag_start": "<style type=\"text/css\">\n#T_be9c7_row0_col2, #T_be9c7_row1_col2, #T_be9c7_row3_col2, #T_be9c7_row4_col2, #T_be9c7_row5_col2, #T_be9c7_row7_col2, #T_be9c7_row8_col2, #T_be9c7_row9_col2, #T_be9c7_row11_col2, #T_be9c7_row12_col2, #T_be9c7_row13_col2, #T_be9c7_row14_col2, #T_be9c7_row15_col2, #T_be9c7_row17_col2, #T_be9c7_r"}, "timestamp": 1773735999506.041}
{"sessionId": "50a0f1", "hypothesisId": "H3", "location": "render_sticky_table", "message": "markdown_out", "data": {"has_wrapper": true, "md_len": 2454761}, "timestamp": 1773735999508.644}
{"sessionId": "50a0f1", "hypothesisId": "H1", "location": "render_sticky_table", "message": "entry", "data": {"type": "DataFrame", "hide_idx": false, "is_count_table": true}, "timestamp": 1773736003424.6538}
{"sessionId": "50a0f1", "hypothesisId": "H2", "location": "render_sticky_table", "message": "html_check", "data": {"has_sticky_class": true, "html_len": 5530, "table_tag_start": "<table class=\"sticky-table\" border=\"1\" class=\"dataframe\">\n  <thead>\n    <tr style=\"text-align: right;\">\n      <th></th>\n      <th>02/08</th>\n      <th>02/07</th>\n      <th>02/06</th>\n      <th>02/05</th>\n      <th>02/04</th>\n      <th>02/03</th>\n      <th>02/02</th>\n      <th>02/01</th>\n      <th>01/31</th>\n      <th>0"}, "timestamp": 1773736003442.33}
{"sessionId": "50a0f1", "hypothesisId": "H3", "location": "render_sticky_table", "message": "markdown_out", "data": {"has_wrapper": true, "md_len": 5593}, "timestamp": 1773736003443.5964}
{"sessionId": "50a0f1", "hypothesisId": "H1", "location": "render_sticky_table", "message": "entry", "data": {"type": "Styler", "hide_idx": true, "is_count_table": false}, "timestamp": 1773736003465.3545}
{"sessionId": "50a0f1", "hypothesisId": "H2", "location": "render_sticky_table", "message": "html_check", "data": {"has_sticky_class": true, "html_len": 11078, "table_tag_start": "<style type=\"text/css\">\n#T_f3872_row0_col1, #T_f3872_row1_col1, #T_f3872_row2_col1, #T_f3872_row3_col1, #T_f3872_row6_col1, #T_f3872_row7_col1, #T_f3872_row8_col1, #T_f3872_row8_col2, #T_f3872_row10_col1, #T_f3872_row10_col2, #T_f3872_row14_col1, #T_f3872_row15_col1, #T_f3872_row17_col1, #T_f3872_row17_col2, #T_f3872_r"}, "timestamp": 1773736003503.777}
{"sessionId": "50a0f1", "hypothesisId": "H3", "location": "render_sticky_table", "message": "markdown_out", "data": {"has_wrapper": true, "md_len": 11141}, "timestamp": 1773736003504.418}
{"sessionId": "50a0f1", "hypothesisId": "H1", "location": "render_sticky_table", "message": "entry", "data": {"type": "Styler", "hide_idx": false, "is_count_table": false}, "timestamp": 1773736003532.5593}
{"sessionId": "50a0f1", "hypothesisId": "H2", "location": "render_sticky_table", "message": "html_check", "data": {"has_sticky_class": true, "html_len": 291301, "table_tag_start": "<style type=\"text/css\">\n#T_79b25_row0_col0, #T_79b25_row0_col11, #T_79b25_row0_col12, #T_79b25_row0_col19, #T_79b25_row0_col28, #T_79b25_row0_col29, #T_79b25_row1_col0, #T_79b25_row1_col1, #T_79b25_row1_col7, #T_79b25_row1_col9, #T_79b25_row1_col10, #T_79b25_row1_col13, #T_79b25_row1_col14, #T_79b25_row1_col15, #T_79b2"}, "timestamp": 1773736003631.8806}
{"sessionId": "50a0f1", "hypothesisId": "H3", "location": "render_sticky_table", "message": "markdown_out", "data": {"has_wrapper": true, "md_len": 291364}, "timestamp": 1773736003633.1958}
